Determining if the pthread_create exist failed with the following output:
Change Dir: /home/rsy6318/Desktop/Cmake/texture/CMakeFiles/CMakeTmp

Run Build Command:"/usr/bin/make" "cmTC_e5247/fast"
/usr/bin/make -f CMakeFiles/cmTC_e5247.dir/build.make CMakeFiles/cmTC_e5247.dir/build
make[1]: Entering directory '/home/rsy6318/Desktop/Cmake/texture/CMakeFiles/CMakeTmp'
Building C object CMakeFiles/cmTC_e5247.dir/CheckSymbolExists.c.o
/usr/bin/cc    -fPIC    -o CMakeFiles/cmTC_e5247.dir/CheckSymbolExists.c.o   -c /home/rsy6318/Desktop/Cmake/texture/CMakeFiles/CMakeTmp/CheckSymbolExists.c
Linking C executable cmTC_e5247
/usr/bin/cmake -E cmake_link_script CMakeFiles/cmTC_e5247.dir/link.txt --verbose=1
/usr/bin/cc  -fPIC     CMakeFiles/cmTC_e5247.dir/CheckSymbolExists.c.o  -o cmTC_e5247 -rdynamic 
CMakeFiles/cmTC_e5247.dir/CheckSymbolExists.c.o: In function `main':
CheckSymbolExists.c:(.text+0x1b): undefined reference to `pthread_create'
collect2: error: ld returned 1 exit status
CMakeFiles/cmTC_e5247.dir/build.make:97: recipe for target 'cmTC_e5247' failed
make[1]: *** [cmTC_e5247] Error 1
make[1]: Leaving directory '/home/rsy6318/Desktop/Cmake/texture/CMakeFiles/CMakeTmp'
Makefile:126: recipe for target 'cmTC_e5247/fast' failed
make: *** [cmTC_e5247/fast] Error 2

File /home/rsy6318/Desktop/Cmake/texture/CMakeFiles/CMakeTmp/CheckSymbolExists.c:
/* */
#include <pthread.h>

int main(int argc, char** argv)
{
  (void)argv;
#ifndef pthread_create
  return ((int*)(&pthread_create))[argc];
#else
  (void)argc;
  return 0;
#endif
}

Determining if the function pthread_create exists in the pthreads failed with the following output:
Change Dir: /home/rsy6318/Desktop/Cmake/texture/CMakeFiles/CMakeTmp

Run Build Command:"/usr/bin/make" "cmTC_a67ab/fast"
/usr/bin/make -f CMakeFiles/cmTC_a67ab.dir/build.make CMakeFiles/cmTC_a67ab.dir/build
make[1]: Entering directory '/home/rsy6318/Desktop/Cmake/texture/CMakeFiles/CMakeTmp'
Building C object CMakeFiles/cmTC_a67ab.dir/CheckFunctionExists.c.o
/usr/bin/cc    -fPIC -DCHECK_FUNCTION_EXISTS=pthread_create   -o CMakeFiles/cmTC_a67ab.dir/CheckFunctionExists.c.o   -c /usr/share/cmake-3.5/Modules/CheckFunctionExists.c
Linking C executable cmTC_a67ab
/usr/bin/cmake -E cmake_link_script CMakeFiles/cmTC_a67ab.dir/link.txt --verbose=1
/usr/bin/cc  -fPIC -DCHECK_FUNCTION_EXISTS=pthread_create    CMakeFiles/cmTC_a67ab.dir/CheckFunctionExists.c.o  -o cmTC_a67ab -rdynamic -lpthreads 
/usr/bin/ld: cannot find -lpthreads
collect2: error: ld returned 1 exit status
CMakeFiles/cmTC_a67ab.dir/build.make:97: recipe for target 'cmTC_a67ab' failed
make[1]: *** [cmTC_a67ab] Error 1
make[1]: Leaving directory '/home/rsy6318/Desktop/Cmake/texture/CMakeFiles/CMakeTmp'
Makefile:126: recipe for target 'cmTC_a67ab/fast' failed
make: *** [cmTC_a67ab/fast] Error 2


